Arguments: 
  D:\Programs\nodejs\node.exe C:\Users\gg7pe\AppData\Roaming\npm\node_modules\yarn\bin\yarn.js add typescript prettier es-lint nodemon @typescript-eslint/eslint-plugin @typescript-eslint/parser ts-node -DE

PATH: 
  C:\Users\gg7pe\bin;D:\programs\Git\mingw64\bin;D:\programs\Git\usr\local\bin;D:\programs\Git\usr\bin;D:\programs\Git\usr\bin;D:\programs\Git\cmd;D:\Programs\Git\usr\bin;D:\programs\ConEmu;D:\programs\ConEmu\ConEmu;C:\Python311\Scripts;C:\Python311;C:\Windows\system32;C:\Windows;C:\Windows\System32\Wbem;C:\Windows\System32\WindowsPowerShell\v1.0;C:\Windows\System32\OpenSSH;C:\Program Files (x86)\NVIDIA Corporation\PhysX\Common;C:\Program Files\NVIDIA Corporation\NVIDIA NvDLISR;C:\ProgramData\chocolatey\bin;D:\Programs\nodejs;C:\Program Files\Docker\Docker\resources\bin;C:\Program Files (x86)\dotnet;C:\Users\gg7pe\AppData\Local\Microsoft\WindowsApps;C:\Users\gg7pe\AppData\Roaming\npm;C:\Users\gg7pe\AppData\Local\Programs\Microsoft VS Code\bin;D:\programs\Git\usr\bin\vendor_perl;D:\programs\Git\usr\bin\core_perl

Yarn version: 
  1.22.19

Node version: 
  18.13.0

Platform: 
  win32 x64

Trace: 
  Error: https://registry.yarnpkg.com/es-lint: Not found
      at params.callback [as _callback] (C:\Users\gg7pe\AppData\Roaming\npm\node_modules\yarn\lib\cli.js:66145:18)
      at self.callback (C:\Users\gg7pe\AppData\Roaming\npm\node_modules\yarn\lib\cli.js:140890:22)
      at Request.emit (node:events:513:28)
      at Request.<anonymous> (C:\Users\gg7pe\AppData\Roaming\npm\node_modules\yarn\lib\cli.js:141862:10)
      at Request.emit (node:events:513:28)
      at IncomingMessage.<anonymous> (C:\Users\gg7pe\AppData\Roaming\npm\node_modules\yarn\lib\cli.js:141784:12)
      at Object.onceWrapper (node:events:627:28)
      at IncomingMessage.emit (node:events:525:35)
      at endReadableNT (node:internal/streams/readable:1359:12)
      at process.processTicksAndRejections (node:internal/process/task_queues:82:21)

npm manifest: 
  {
    "name": "server-express-example",
    "version": "1.0.0",
    "description": "",
    "main": "index.js",
    "scripts": {
      "test": "echo \"Error: no test specified\" && exit 1"
    },
    "keywords": [],
    "author": "",
    "license": "ISC"
  }

yarn manifest: 
  No manifest

Lockfile: 
  No lockfile
